c:\users\carso\source\repos\sdl\sdl\x64\debug\vc145.pdb
c:\users\carso\source\repos\sdl\sdl\x64\debug\vc145.idb
c:\users\carso\source\repos\sdl\sdl\x64\debug\testing.obj
c:\users\carso\source\repos\sdl\sdl\x64\debug\main.obj
c:\users\carso\source\repos\sdl\sdl\x64\debug\sdl.ilk
c:\users\carso\source\repos\sdl\x64\debug\sdl.pdb
c:\users\carso\source\repos\sdl\sdl\x64\debug\sdl.tlog\cl.command.1.tlog
c:\users\carso\source\repos\sdl\sdl\x64\debug\sdl.tlog\cl.items.tlog
c:\users\carso\source\repos\sdl\sdl\x64\debug\sdl.tlog\cl.read.1.tlog
c:\users\carso\source\repos\sdl\sdl\x64\debug\sdl.tlog\cl.write.1.tlog
c:\users\carso\source\repos\sdl\sdl\x64\debug\sdl.tlog\link-cvtres.read.1.tlog
c:\users\carso\source\repos\sdl\sdl\x64\debug\sdl.tlog\link-cvtres.write.1.tlog
c:\users\carso\source\repos\sdl\sdl\x64\debug\sdl.tlog\link-rc.read.1.tlog
c:\users\carso\source\repos\sdl\sdl\x64\debug\sdl.tlog\link-rc.write.1.tlog
c:\users\carso\source\repos\sdl\sdl\x64\debug\sdl.tlog\link.7648-cvtres.read.1.tlog
c:\users\carso\source\repos\sdl\sdl\x64\debug\sdl.tlog\link.7648-cvtres.write.1.tlog
c:\users\carso\source\repos\sdl\sdl\x64\debug\sdl.tlog\link.7648-rc.read.1.tlog
c:\users\carso\source\repos\sdl\sdl\x64\debug\sdl.tlog\link.7648-rc.write.1.tlog
c:\users\carso\source\repos\sdl\sdl\x64\debug\sdl.tlog\link.7648.read.1.tlog
c:\users\carso\source\repos\sdl\sdl\x64\debug\sdl.tlog\link.7648.read.2.tlog
c:\users\carso\source\repos\sdl\sdl\x64\debug\sdl.tlog\link.7648.write.1.tlog
c:\users\carso\source\repos\sdl\sdl\x64\debug\sdl.tlog\link.command.1.tlog
c:\users\carso\source\repos\sdl\sdl\x64\debug\sdl.tlog\link.read.1.tlog
c:\users\carso\source\repos\sdl\sdl\x64\debug\sdl.tlog\link.read.2.tlog
c:\users\carso\source\repos\sdl\sdl\x64\debug\sdl.tlog\link.secondary.1.tlog
c:\users\carso\source\repos\sdl\sdl\x64\debug\sdl.tlog\link.write.1.tlog
